<?xml version="1.0" encoding="UTF-8"?>
<!-- Generated by org.testng.reporters.JUnitReportReporter -->
<testsuite hostname="ID-PTB-24051401" failures="0" tests="1" name="PageObjectWays.LoginTest" time="3.598" errors="0" timestamp="2025-04-26T21:48:51 IST" skipped="0">
  <testcase classname="PageObjectWays.LoginTest" name="testLogIn" time="3.598"/>
</testsuite> <!-- PageObjectWays.LoginTest -->
